<?xml version="1.0" encoding="UTF-8"?>
<testng-results skipped="0" failed="0" total="0" passed="0">
  <reporter-output>
  </reporter-output>
  <suite name="com.TestRunner.TestRunner" duration-ms="9" started-at="2020-07-09T04:51:17Z" finished-at="2020-07-09T04:51:17Z">
    <groups>
    </groups>
    <test name="Command line test" duration-ms="9" started-at="2020-07-09T04:51:17Z" finished-at="2020-07-09T04:51:17Z">
    </test> <!-- Command line test -->
  </suite> <!-- com.TestRunner.TestRunner -->
</testng-results>
