<?xml version="1.0" encoding="UTF-8"?>
<testng-results skipped="0" failed="0" ignored="0" total="1" passed="1">
  <reporter-output>
  </reporter-output>
  <suite name="Suite" duration-ms="18510" started-at="2020-06-27T12:12:40Z" finished-at="2020-06-27T12:12:59Z">
    <groups>
    </groups>
    <test name="Test" duration-ms="18510" started-at="2020-06-27T12:12:40Z" finished-at="2020-06-27T12:12:59Z">
      <class name="testClass.LocalizationTestcase">
        <test-method status="PASS" signature="setUp()[pri:0, instance:testClass.LocalizationTestcase@12e61fe6]" name="setUp" is-config="true" duration-ms="11184" started-at="2020-06-27T12:12:40Z" finished-at="2020-06-27T12:12:52Z">
          <reporter-output>
          </reporter-output>
        </test-method> <!-- setUp -->
        <test-method status="PASS" signature="login()[pri:0, instance:testClass.LocalizationTestcase@12e61fe6]" name="login" duration-ms="6808" started-at="2020-06-27T12:12:52Z" finished-at="2020-06-27T12:12:58Z">
          <reporter-output>
          </reporter-output>
        </test-method> <!-- login -->
      </class> <!-- testClass.LocalizationTestcase -->
    </test> <!-- Test -->
  </suite> <!-- Suite -->
</testng-results>
